Input Notebook:  ./trainer_for_acd_b_new.ipynb
Output Notebook: ./papermill/trainer_for_acd_b_new.ipynb
Executing:   0%|          | 0/30 [00:00<?, ?cell/s]Executing notebook with kernel: python3
Executing:   3%|▎         | 1/30 [00:02<00:59,  2.05s/cell]Executing:  10%|█         | 3/30 [00:08<01:22,  3.05s/cell]Executing:  13%|█▎        | 4/30 [00:08<00:52,  2.03s/cell]Executing:  20%|██        | 6/30 [00:09<00:29,  1.23s/cell]Executing:  30%|███       | 9/30 [00:09<00:12,  1.63cell/s]Executing:  37%|███▋      | 11/30 [00:11<00:13,  1.44cell/s]Executing:  40%|████      | 12/30 [00:19<00:38,  2.11s/cell]


Executing:  43%|████▎     | 13/30 [00:21<00:34,  2.03s/cell]Executing:  53%|█████▎    | 16/30 [00:21<00:15,  1.08s/cell]Executing:  60%|██████    | 18/30 [00:24<00:15,  1.27s/cell]Executing:  70%|███████   | 21/30 [00:39<00:24,  2.76s/cell]Executing:  77%|███████▋  | 23/30 [00:44<00:18,  2.66s/cell]Executing:  87%|████████▋ | 26/30 [00:44<00:06,  1.69s/cell]Executing:  93%|█████████▎| 28/30 [00:53<00:04,  2.33s/cell]huggingface/tokenizers: The current process just got forked, after parallelism has already been used. Disabling parallelism to avoid deadlocks...
To disable this warning, you can either:
	- Avoid using `tokenizers` before the fork if possible
	- Explicitly set the environment variable TOKENIZERS_PARALLELISM=(true | false)
huggingface/tokenizers: The current process just got forked, after parallelism has already been used. Disabling parallelism to avoid deadlocks...
To disable this warning, you can either:
	- Avoid using `tokenizers` before the fork if possible
	- Explicitly set the environment variable TOKENIZERS_PARALLELISM=(true | false)
Kernel died while waiting for execute reply.
Executing:  97%|█████████▋| 29/30 [1:12:47<11:21, 681.30s/cell]Executing:  97%|█████████▋| 29/30 [1:12:47<02:30, 150.59s/cell]
Traceback (most recent call last):
  File "/home/ubuntu/anaconda3/envs/jeonghyeon/lib/python3.8/site-packages/nbclient/client.py", line 1000, in async_execute_cell
    exec_reply = await self.task_poll_for_reply
asyncio.exceptions.CancelledError

During handling of the above exception, another exception occurred:

Traceback (most recent call last):
  File "/home/ubuntu/anaconda3/envs/jeonghyeon/lib/python3.8/site-packages/papermill/cli.py", line 250, in papermill
    execute_notebook(
  File "/home/ubuntu/anaconda3/envs/jeonghyeon/lib/python3.8/site-packages/papermill/execute.py", line 113, in execute_notebook
    nb = papermill_engines.execute_notebook_with_engine(
  File "/home/ubuntu/anaconda3/envs/jeonghyeon/lib/python3.8/site-packages/papermill/engines.py", line 49, in execute_notebook_with_engine
    return self.get_engine(engine_name).execute_notebook(nb, kernel_name, **kwargs)
  File "/home/ubuntu/anaconda3/envs/jeonghyeon/lib/python3.8/site-packages/papermill/engines.py", line 367, in execute_notebook
    cls.execute_managed_notebook(nb_man, kernel_name, log_output=log_output, **kwargs)
  File "/home/ubuntu/anaconda3/envs/jeonghyeon/lib/python3.8/site-packages/papermill/engines.py", line 436, in execute_managed_notebook
    return PapermillNotebookClient(nb_man, **final_kwargs).execute()
  File "/home/ubuntu/anaconda3/envs/jeonghyeon/lib/python3.8/site-packages/papermill/clientwrap.py", line 45, in execute
    self.papermill_execute_cells()
  File "/home/ubuntu/anaconda3/envs/jeonghyeon/lib/python3.8/site-packages/papermill/clientwrap.py", line 72, in papermill_execute_cells
    self.execute_cell(cell, index)
  File "/home/ubuntu/anaconda3/envs/jeonghyeon/lib/python3.8/site-packages/nbclient/util.py", line 85, in wrapped
    return just_run(coro(*args, **kwargs))
  File "/home/ubuntu/anaconda3/envs/jeonghyeon/lib/python3.8/site-packages/nbclient/util.py", line 60, in just_run
    return loop.run_until_complete(coro)
  File "/home/ubuntu/anaconda3/envs/jeonghyeon/lib/python3.8/asyncio/base_events.py", line 616, in run_until_complete
    return future.result()
  File "/home/ubuntu/anaconda3/envs/jeonghyeon/lib/python3.8/site-packages/nbclient/client.py", line 1004, in async_execute_cell
    raise DeadKernelError("Kernel died")
nbclient.exceptions.DeadKernelError: Kernel died
Input Notebook:  ./trainer_for_asc_m_new.ipynb
Output Notebook: ./papermill/trainer_for_asc_m_new.ipynb
Executing:   0%|          | 0/30 [00:00<?, ?cell/s]Executing notebook with kernel: python3
Executing:   3%|▎         | 1/30 [00:01<00:55,  1.93s/cell]Executing:  10%|█         | 3/30 [00:07<01:05,  2.44s/cell]Executing:  13%|█▎        | 4/30 [00:07<00:42,  1.63s/cell]Executing:  20%|██        | 6/30 [00:07<00:23,  1.00cell/s]Executing:  30%|███       | 9/30 [00:08<00:10,  1.99cell/s]Executing:  37%|███▋      | 11/30 [00:10<00:12,  1.52cell/s]Executing:  40%|████      | 12/30 [00:17<00:35,  1.96s/cell]


Executing:  43%|████▎     | 13/30 [00:19<00:32,  1.90s/cell]Executing:  50%|█████     | 15/30 [00:19<00:18,  1.20s/cell]Executing:  57%|█████▋    | 17/30 [00:22<00:17,  1.35s/cell]Executing:  67%|██████▋   | 20/30 [00:22<00:07,  1.27cell/s]Executing:  73%|███████▎  | 22/30 [00:23<00:05,  1.58cell/s]Executing:  77%|███████▋  | 23/30 [00:23<00:03,  1.83cell/s]Executing:  87%|████████▋ | 26/30 [00:23<00:01,  3.01cell/s]Executing:  93%|█████████▎| 28/30 [00:32<00:02,  1.46s/cell]huggingface/tokenizers: The current process just got forked, after parallelism has already been used. Disabling parallelism to avoid deadlocks...
To disable this warning, you can either:
	- Avoid using `tokenizers` before the fork if possible
	- Explicitly set the environment variable TOKENIZERS_PARALLELISM=(true | false)
huggingface/tokenizers: The current process just got forked, after parallelism has already been used. Disabling parallelism to avoid deadlocks...
To disable this warning, you can either:
	- Avoid using `tokenizers` before the fork if possible
	- Explicitly set the environment variable TOKENIZERS_PARALLELISM=(true | false)
Executing:  97%|█████████▋| 29/30 [10:42<01:45, 105.31s/cell]huggingface/tokenizers: The current process just got forked, after parallelism has already been used. Disabling parallelism to avoid deadlocks...
To disable this warning, you can either:
	- Avoid using `tokenizers` before the fork if possible
	- Explicitly set the environment variable TOKENIZERS_PARALLELISM=(true | false)
Executing: 100%|██████████| 30/30 [10:44<00:00, 85.11s/cell] Executing: 100%|██████████| 30/30 [10:49<00:00, 21.64s/cell]
